<?xml version='1.0' encoding='UTF-8'?>
<testsuites name='PolynomialRegressionSwiftTests.xctest' tests='12' failures='0'>
  <testsuite name='PolynomialRegressionSwiftTests.PRMatrixTests' tests='4' failures='0'>
    <testcase classname='PolynomialRegressionSwiftTests.PRMatrixTests' name='testExpansion' time='0.002'/>
    <testcase classname='PolynomialRegressionSwiftTests.PRMatrixTests' name='testInitMatrix' time='0.001'/>
    <testcase classname='PolynomialRegressionSwiftTests.PRMatrixTests' name='testMatrixMultiplication' time='0.000'/>
    <testcase classname='PolynomialRegressionSwiftTests.PRMatrixTests' name='testTranspose' time='0.000'/>
  </testsuite>
  <testsuite name='PolynomialRegressionSwiftTests.PolynomialRegressionTests' tests='8' failures='0'>
    <testcase classname='PolynomialRegressionSwiftTests.PolynomialRegressionTests' name='testPolynomial1stOrderLinear' time='0.000'/>
    <testcase classname='PolynomialRegressionSwiftTests.PolynomialRegressionTests' name='testPolynomial2ndOrderQuadratic' time='0.000'/>
    <testcase classname='PolynomialRegressionSwiftTests.PolynomialRegressionTests' name='testPolynomial3rdOrder' time='0.001'/>
    <testcase classname='PolynomialRegressionSwiftTests.PolynomialRegressionTests' name='testPolynomial4thtOrder' time='0.001'/>
    <testcase classname='PolynomialRegressionSwiftTests.PolynomialRegressionTests' name='testPolynomial5thtOrder' time='0.001'/>
    <testcase classname='PolynomialRegressionSwiftTests.PolynomialRegressionTests' name='testPolynomial6thtOrder' time='0.001'/>
    <testcase classname='PolynomialRegressionSwiftTests.PolynomialRegressionTests' name='testPolynomial7thtOrder' time='0.001'/>
    <testcase classname='PolynomialRegressionSwiftTests.PolynomialRegressionTests' name='testPolynomialRegressionFails' time='0.000'/>
  </testsuite>
</testsuites>